<?xml version="1.0" encoding="UTF-8"?>
<!-- Generated by org.testng.reporters.JUnitReportReporter -->
<testsuite skipped="0" hostname="DESKTOP-QFA36M5" name="selenium.practice.one.Calendar" tests="1" failures="0" timestamp="20 Aug 2018 20:39:58 GMT" time="0.890" errors="0">
  <testcase name="getCalendar" time="0.890" classname="selenium.practice.one.Calendar"/>
</testsuite> <!-- selenium.practice.one.Calendar -->
