<?xml version="1.0" encoding="UTF-8"?>
<!-- Generated by org.testng.reporters.JUnitReportReporter -->
<testsuite skipped="0" hostname="DESKTOP-QFA36M5" name="selenium.practice.one.BrokenLinksandImages" tests="1" failures="0" timestamp="20 Aug 2018 19:30:19 GMT" time="2244.302" errors="0">
  <testcase name="getbrokenlinksandImages" time="2244.302" classname="selenium.practice.one.BrokenLinksandImages"/>
</testsuite> <!-- selenium.practice.one.BrokenLinksandImages -->
